# JRE version: OpenJDK Runtime Environment (11.0.12+7) (build 11.0.12+7-b1504.28-7817840)
# Java VM: OpenJDK 64-Bit Server VM (11.0.12+7-b1504.28-7817840, mixed mode, tiered, compressed oops, g1 gc, windows-amd64)
Heap:
 garbage-first heap   total 187392K, used 133666K [0x0000000080000000, 0x0000000100000000)
  region size 1024K, 43 young (44032K), 9 survivors (9216K)
 Metaspace       used 94952K, capacity 97329K, committed 97520K, reserved 1134592K
  class space    used 12511K, capacity 13429K, committed 13516K, reserved 1048576K
GC Heap History (20 events):
Event: 8.557 GC heap before
{Heap before GC invocations=12 (full 0):
 garbage-first heap   total 155648K, used 112451K [0x0000000080000000, 0x0000000100000000)
  region size 1024K, 80 young (81920K), 7 survivors (7168K)
 Metaspace       used 57128K, capacity 58530K, committed 58696K, reserved 1099776K
  class space    used 7280K, capacity 7782K, committed 7884K, reserved 1048576K
}
Event: 8.566 GC heap after
{Heap after GC invocations=13 (full 0):
 garbage-first heap   total 155648K, used 45691K [0x0000000080000000, 0x0000000100000000)
  region size 1024K, 10 young (10240K), 10 survivors (10240K)
 Metaspace       used 57128K, capacity 58530K, committed 58696K, reserved 1099776K
  class space    used 7280K, capacity 7782K, committed 7884K, reserved 1048576K
}
Event: 8.710 GC heap before
{Heap before GC invocations=13 (full 0):
 garbage-first heap   total 155648K, used 55931K [0x0000000080000000, 0x0000000100000000)
  region size 1024K, 21 young (21504K), 10 survivors (10240K)
 Metaspace       used 58431K, capacity 59862K, committed 59976K, reserved 1101824K
  class space    used 7466K, capacity 8033K, committed 8140K, reserved 1048576K
}
Event: 8.723 GC heap after
{Heap after GC invocations=14 (full 0):
 garbage-first heap   total 155648K, used 47418K [0x0000000080000000, 0x0000000100000000)
  region size 1024K, 2 young (2048K), 2 survivors (2048K)
 Metaspace       used 58431K, capacity 59862K, committed 59976K, reserved 1101824K
  class space    used 7466K, capacity 8033K, committed 8140K, reserved 1048576K
}
Event: 9.294 GC heap before
{Heap before GC invocations=15 (full 0):
 garbage-first heap   total 155648K, used 92474K [0x0000000080000000, 0x0000000100000000)
  region size 1024K, 47 young (48128K), 2 survivors (2048K)
 Metaspace       used 63237K, capacity 64735K, committed 65008K, reserved 1105920K
  class space    used 8052K, capacity 8628K, committed 8652K, reserved 1048576K
}
Event: 9.301 GC heap after
{Heap after GC invocations=16 (full 0):
 garbage-first heap   total 187392K, used 50899K [0x0000000080000000, 0x0000000100000000)
  region size 1024K, 5 young (5120K), 5 survivors (5120K)
 Metaspace       used 63237K, capacity 64735K, committed 65008K, reserved 1105920K
  class space    used 8052K, capacity 8628K, committed 8652K, reserved 1048576K
}
Event: 9.870 GC heap before
{Heap before GC invocations=17 (full 0):
 garbage-first heap   total 187392K, used 115411K [0x0000000080000000, 0x0000000100000000)
  region size 1024K, 67 young (68608K), 5 survivors (5120K)
 Metaspace       used 65953K, capacity 67495K, committed 67824K, reserved 1107968K
  class space    used 8415K, capacity 9028K, committed 9164K, reserved 1048576K
}
Event: 9.877 GC heap after
{Heap after GC invocations=18 (full 0):
 garbage-first heap   total 187392K, used 55459K [0x0000000080000000, 0x0000000100000000)
  region size 1024K, 9 young (9216K), 9 survivors (9216K)
 Metaspace       used 65953K, capacity 67495K, committed 67824K, reserved 1107968K
  class space    used 8415K, capacity 9028K, committed 9164K, reserved 1048576K
}
Event: 10.836 GC heap before
{Heap before GC invocations=18 (full 0):
 garbage-first heap   total 187392K, used 120995K [0x0000000080000000, 0x0000000100000000)
  region size 1024K, 73 young (74752K), 9 survivors (9216K)
 Metaspace       used 72796K, capacity 74442K, committed 74736K, reserved 1114112K
  class space    used 9521K, capacity 10129K, committed 10188K, reserved 1048576K
}
Event: 10.846 GC heap after
{Heap after GC invocations=19 (full 0):
 garbage-first heap   total 187392K, used 59620K [0x0000000080000000, 0x0000000100000000)
  region size 1024K, 9 young (9216K), 9 survivors (9216K)
 Metaspace       used 72796K, capacity 74442K, committed 74736K, reserved 1114112K
  class space    used 9521K, capacity 10129K, committed 10188K, reserved 1048576K
}
Event: 11.770 GC heap before
{Heap before GC invocations=19 (full 0):
 garbage-first heap   total 187392K, used 127204K [0x0000000080000000, 0x0000000100000000)
  region size 1024K, 75 young (76800K), 9 survivors (9216K)
 Metaspace       used 79822K, capacity 81735K, committed 81776K, reserved 1120256K
  class space    used 10542K, capacity 11308K, committed 11340K, reserved 1048576K
}
Event: 11.784 GC heap after
{Heap after GC invocations=20 (full 0):
 garbage-first heap   total 187392K, used 63862K [0x0000000080000000, 0x0000000100000000)
  region size 1024K, 9 young (9216K), 9 survivors (9216K)
 Metaspace       used 79822K, capacity 81735K, committed 81776K, reserved 1120256K
  class space    used 10542K, capacity 11308K, committed 11340K, reserved 1048576K
}
Event: 13.380 GC heap before
{Heap before GC invocations=20 (full 0):
 garbage-first heap   total 187392K, used 131446K [0x0000000080000000, 0x0000000100000000)
  region size 1024K, 76 young (77824K), 9 survivors (9216K)
 Metaspace       used 81598K, capacity 83731K, committed 83824K, reserved 1122304K
  class space    used 10753K, capacity 11571K, committed 11596K, reserved 1048576K
}
Event: 13.400 GC heap after
{Heap after GC invocations=21 (full 0):
 garbage-first heap   total 187392K, used 68906K [0x0000000080000000, 0x0000000100000000)
  region size 1024K, 10 young (10240K), 10 survivors (10240K)
 Metaspace       used 81598K, capacity 83731K, committed 83824K, reserved 1122304K
  class space    used 10753K, capacity 11571K, committed 11596K, reserved 1048576K
}
Event: 15.652 GC heap before
{Heap before GC invocations=21 (full 0):
 garbage-first heap   total 187392K, used 135466K [0x0000000080000000, 0x0000000100000000)
  region size 1024K, 76 young (77824K), 10 survivors (10240K)
 Metaspace       used 87099K, capacity 89305K, committed 89456K, reserved 1126400K
  class space    used 11410K, capacity 12225K, committed 12364K, reserved 1048576K
}
Event: 15.680 GC heap after
{Heap after GC invocations=22 (full 0):
 garbage-first heap   total 187392K, used 70943K [0x0000000080000000, 0x0000000100000000)
  region size 1024K, 7 young (7168K), 7 survivors (7168K)
 Metaspace       used 87099K, capacity 89305K, committed 89456K, reserved 1126400K
  class space    used 11410K, capacity 12225K, committed 12364K, reserved 1048576K
}
Event: 18.398 GC heap before
{Heap before GC invocations=22 (full 0):
 garbage-first heap   total 187392K, used 144671K [0x0000000080000000, 0x0000000100000000)
  region size 1024K, 76 young (77824K), 7 survivors (7168K)
 Metaspace       used 89341K, capacity 91480K, committed 91632K, reserved 1128448K
  class space    used 11643K, capacity 12441K, committed 12492K, reserved 1048576K
}
Event: 18.413 GC heap after
{Heap after GC invocations=23 (full 0):
 garbage-first heap   total 187392K, used 83245K [0x0000000080000000, 0x0000000100000000)
  region size 1024K, 10 young (10240K), 10 survivors (10240K)
 Metaspace       used 89341K, capacity 91480K, committed 91632K, reserved 1128448K
  class space    used 11643K, capacity 12441K, committed 12492K, reserved 1048576K
}
Event: 19.102 GC heap before
{Heap before GC invocations=23 (full 0):
 garbage-first heap   total 187392K, used 153901K [0x0000000080000000, 0x0000000100000000)
  region size 1024K, 71 young (72704K), 10 survivors (10240K)
 Metaspace       used 92461K, capacity 94748K, committed 94960K, reserved 1132544K
  class space    used 12026K, capacity 12902K, committed 13004K, reserved 1048576K
}
Event: 19.123 GC heap after
{Heap after GC invocations=24 (full 0):
 garbage-first heap   total 187392K, used 100898K [0x0000000080000000, 0x0000000100000000)
  region size 1024K, 9 young (9216K), 9 survivors (9216K)
 Metaspace       used 92461K, capacity 94748K, committed 94960K, reserved 1132544K
  class space    used 12026K, capacity 12902K, committed 13004K, reserved 1048576K
}

